{
  "stats": {
    "suites": 1,
    "tests": 1,
    "passes": 1,
    "pending": 0,
    "failures": 0,
    "start": "2021-12-17T23:50:56.605Z",
    "end": "2021-12-17T23:50:56.612Z",
    "duration": 7,
    "testsRegistered": 1,
    "passPercent": 100,
    "pendingPercent": 0,
    "other": 0,
    "hasOther": false,
    "skipped": 0,
    "hasSkipped": false
  },
  "results": [
    {
      "uuid": "b340c67c-4ae6-4b67-bee2-4d56b4c92847",
      "title": "",
      "fullFile": "",
      "file": "",
      "beforeHooks": [],
      "afterHooks": [],
      "tests": [],
      "suites": [
        {
          "uuid": "fa4be5d3-a081-4cdf-877f-395f2a391150",
          "title": "useMapToUpperCase",
          "fullFile": "/Users/patita/Fullstack/capstone-project/code-harmony/testFile.js",
          "file": "/testFile.js",
          "beforeHooks": [],
          "afterHooks": [],
          "tests": [
            {
              "title": "returns an array and uppercases each word",
              "fullTitle": "useMapToUpperCase returns an array and uppercases each word",
              "timedOut": false,
              "duration": 1,
              "state": "passed",
              "speed": "fast",
              "pass": true,
              "fail": false,
              "pending": false,
              "context": null,
              "code": "const array = useMapToUpperCase('Keep It Simple');\n// expect(array).to.equal(['KEEP', 'IT', 'SIMPLE']);\nexpect(array[0]).to.equal('KEEP');\nexpect(array[1]).to.equal('IT');\nexpect(array[2]).to.equal('SIMPLE');",
              "err": {},
              "uuid": "55509a23-9a8c-4378-879d-2a9a91fa99bb",
              "parentUUID": "fa4be5d3-a081-4cdf-877f-395f2a391150",
              "isHook": false,
              "skipped": false
            }
          ],
          "suites": [],
          "passes": [
            "55509a23-9a8c-4378-879d-2a9a91fa99bb"
          ],
          "failures": [],
          "pending": [],
          "skipped": [],
          "duration": 1,
          "root": false,
          "rootEmpty": false,
          "_timeout": 2000
        }
      ],
      "passes": [],
      "failures": [],
      "pending": [],
      "skipped": [],
      "duration": 0,
      "root": true,
      "rootEmpty": true,
      "_timeout": 2000
    }
  ],
  "meta": {
    "mocha": {
      "version": "6.2.3"
    },
    "mochawesome": {
      "options": {
        "quiet": false,
        "reportFilename": "mochawesome",
        "saveHtml": true,
        "saveJson": true,
        "consoleReporter": "spec",
        "useInlineDiffs": false,
        "code": true
      },
      "version": "7.0.1"
    },
    "marge": {
      "options": null,
      "version": "6.0.1"
    }
  }
}