{
  "stats": {
    "suites": 1,
    "tests": 1,
    "passes": 1,
    "pending": 0,
    "failures": 0,
    "start": "2021-12-13T02:07:13.079Z",
    "end": "2021-12-13T02:07:13.086Z",
    "duration": 7,
    "testsRegistered": 1,
    "passPercent": 100,
    "pendingPercent": 0,
    "other": 0,
    "hasOther": false,
    "skipped": 0,
    "hasSkipped": false
  },
  "results": [
    {
      "uuid": "130d6062-fd36-49dd-ae8f-b70e3473e091",
      "title": "",
      "fullFile": "",
      "file": "",
      "beforeHooks": [],
      "afterHooks": [],
      "tests": [],
      "suites": [
        {
          "uuid": "48632116-758d-4ceb-a0fa-fa6b6303bc26",
          "title": "useMapToUpperCase",
          "fullFile": "/Users/patita/Fullstack/capstone-project/code-harmony/testFile.js",
          "file": "/testFile.js",
          "beforeHooks": [],
          "afterHooks": [],
          "tests": [
            {
              "title": "returns an array and uppercases each word",
              "fullTitle": "useMapToUpperCase returns an array and uppercases each word",
              "timedOut": false,
              "duration": 1,
              "state": "passed",
              "speed": "fast",
              "pass": true,
              "fail": false,
              "pending": false,
              "context": null,
              "code": "const array = useMapToUpperCase('Keep It Simple');\n// expect(array).to.equal(['KEEP', 'IT', 'SIMPLE']);\nexpect(array[0]).to.equal('KEEP');\nexpect(array[1]).to.equal('IT');\nexpect(array[2]).to.equal('SIMPLE');",
              "err": {},
              "uuid": "1c854654-05af-41e3-a981-a1329f1562a9",
              "parentUUID": "48632116-758d-4ceb-a0fa-fa6b6303bc26",
              "isHook": false,
              "skipped": false
            }
          ],
          "suites": [],
          "passes": [
            "1c854654-05af-41e3-a981-a1329f1562a9"
          ],
          "failures": [],
          "pending": [],
          "skipped": [],
          "duration": 1,
          "root": false,
          "rootEmpty": false,
          "_timeout": 2000
        }
      ],
      "passes": [],
      "failures": [],
      "pending": [],
      "skipped": [],
      "duration": 0,
      "root": true,
      "rootEmpty": true,
      "_timeout": 2000
    }
  ],
  "meta": {
    "mocha": {
      "version": "6.2.3"
    },
    "mochawesome": {
      "options": {
        "quiet": false,
        "reportFilename": "mochawesome",
        "saveHtml": true,
        "saveJson": true,
        "consoleReporter": "spec",
        "useInlineDiffs": false,
        "code": true
      },
      "version": "7.0.1"
    },
    "marge": {
      "options": null,
      "version": "6.0.1"
    }
  }
}