{
  "stats": {
    "suites": 1,
    "tests": 1,
    "passes": 0,
    "pending": 0,
    "failures": 1,
    "start": "2021-12-18T05:24:52.803Z",
    "end": "2021-12-18T05:24:52.810Z",
    "duration": 7,
    "testsRegistered": 1,
    "passPercent": 0,
    "pendingPercent": 0,
    "other": 0,
    "hasOther": false,
    "skipped": 0,
    "hasSkipped": false
  },
  "results": [
    {
      "uuid": "5bb921e5-67df-4c79-ad4e-d4f62921244c",
      "title": "",
      "fullFile": "",
      "file": "",
      "beforeHooks": [],
      "afterHooks": [],
      "tests": [],
      "suites": [
        {
          "uuid": "b6ba9ace-af01-40e1-9b3a-214fa716ad46",
          "title": "multiplicationTable",
          "fullFile": "/Users/patita/Fullstack/capstone-project/code-harmony/testFile.js",
          "file": "/testFile.js",
          "beforeHooks": [],
          "afterHooks": [],
          "tests": [
            {
              "title": "every row is an array and the first argument represents the total amount of rows in the table",
              "fullTitle": "multiplicationTable every row is an array and the first argument represents the total amount of rows in the table",
              "timedOut": false,
              "duration": 1,
              "state": "failed",
              "speed": null,
              "pass": false,
              "fail": true,
              "pending": false,
              "context": null,
              "code": "const smallTable = multiplicationTable(3, 0);\nconst mediumTable = multiplicationTable(6, 0);\nconst largeTable = multiplicationTable(9, 0);\n\nexpect(smallTable[2]).to.equal([]);\nexpect(mediumTable[3]).to.equal([]);\nexpect(largeTable[8]).to.equal([]);",
              "err": {
                "message": "ReferenceError: multiplicationTable is not defined",
                "estack": "ReferenceError: multiplicationTable is not defined\n    at Context.<anonymous> (testFile.js:13:26)\n    at processImmediate (internal/timers.js:462:21)",
                "diff": null
              },
              "uuid": "0d274173-0aae-4e2e-bf07-7a24dd6bdfc4",
              "parentUUID": "b6ba9ace-af01-40e1-9b3a-214fa716ad46",
              "isHook": false,
              "skipped": false
            }
          ],
          "suites": [],
          "passes": [],
          "failures": [
            "0d274173-0aae-4e2e-bf07-7a24dd6bdfc4"
          ],
          "pending": [],
          "skipped": [],
          "duration": 1,
          "root": false,
          "rootEmpty": false,
          "_timeout": 2000
        }
      ],
      "passes": [],
      "failures": [],
      "pending": [],
      "skipped": [],
      "duration": 0,
      "root": true,
      "rootEmpty": true,
      "_timeout": 2000
    }
  ],
  "meta": {
    "mocha": {
      "version": "6.2.3"
    },
    "mochawesome": {
      "options": {
        "quiet": false,
        "reportFilename": "mochawesome",
        "saveHtml": true,
        "saveJson": true,
        "consoleReporter": "spec",
        "useInlineDiffs": false,
        "code": true
      },
      "version": "7.0.1"
    },
    "marge": {
      "options": null,
      "version": "6.0.1"
    }
  }
}