{
  "stats": {
    "suites": 1,
    "tests": 2,
    "passes": 0,
    "pending": 0,
    "failures": 2,
    "start": "2021-12-18T02:53:36.098Z",
    "end": "2021-12-18T02:53:36.108Z",
    "duration": 10,
    "testsRegistered": 2,
    "passPercent": 0,
    "pendingPercent": 0,
    "other": 0,
    "hasOther": false,
    "skipped": 0,
    "hasSkipped": false
  },
  "results": [
    {
      "uuid": "42b08cd6-1770-4d28-9950-303b143de2dc",
      "title": "",
      "fullFile": "",
      "file": "",
      "beforeHooks": [],
      "afterHooks": [],
      "tests": [],
      "suites": [
        {
          "uuid": "768b2a30-3fd9-4f59-9547-d428c4aacd7d",
          "title": "useFilter",
          "fullFile": "/Users/stephenwong/Fullstack Academy Projects/Senior/code-harmony/testFile.js",
          "file": "/testFile.js",
          "beforeHooks": [],
          "afterHooks": [],
          "tests": [
            {
              "title": "returns all words in the array that have an @",
              "fullTitle": "useFilter returns all words in the array that have an @",
              "timedOut": false,
              "duration": 0,
              "state": "failed",
              "speed": null,
              "pass": false,
              "fail": true,
              "pending": false,
              "context": null,
              "code": "const array = useFilter([\n  'emilie.io',\n  'trace.google.com',\n  'kellyscott2@aol.com',\n  'helloWorld.com',\n  'test@apple.com',\n  'snowman@iceland.com',\n]);\n  expect(array[0]).to.equal('kellyscott2@aol.com');\n  expect(array[1]).to.equal('test@apple.com');\n  expect(array[2]).to.equal('snowman@iceland.com');",
              "err": {
                "message": "ReferenceError: useFilter is not defined",
                "estack": "ReferenceError: useFilter is not defined\n    at Context.<anonymous> (testFile.js:11:21)\n    at processImmediate (internal/timers.js:464:21)",
                "diff": null
              },
              "uuid": "92c61124-c576-4e77-bcf2-2c09d5836cc3",
              "parentUUID": "768b2a30-3fd9-4f59-9547-d428c4aacd7d",
              "isHook": false,
              "skipped": false
            },
            {
              "title": "uses Array.prototype.filter",
              "fullTitle": "useFilter uses Array.prototype.filter",
              "timedOut": false,
              "duration": 0,
              "state": "failed",
              "speed": null,
              "pass": false,
              "fail": true,
              "pending": false,
              "context": null,
              "code": "// spyOn(Array.prototype, 'filter').and.callThrough();\n  \nconst array = useFilter([\n  'omri@aol.com',\n  'jess@fs.com',\n  'test.com',\n  'myEmail.com',\n]);\n//expect(Array.prototype.filter).toHaveBeenCalled();\nexpect(array[0]).to.equal('omri@aol.com');\nexpect(array[1]).to.equal('jess@fs.com');",
              "err": {
                "message": "ReferenceError: useFilter is not defined",
                "estack": "ReferenceError: useFilter is not defined\n    at Context.<anonymous> (testFile.js:27:21)\n    at processImmediate (internal/timers.js:464:21)",
                "diff": null
              },
              "uuid": "a20cb3f9-5125-4bcb-9f1b-502c0173081d",
              "parentUUID": "768b2a30-3fd9-4f59-9547-d428c4aacd7d",
              "isHook": false,
              "skipped": false
            }
          ],
          "suites": [],
          "passes": [],
          "failures": [
            "92c61124-c576-4e77-bcf2-2c09d5836cc3",
            "a20cb3f9-5125-4bcb-9f1b-502c0173081d"
          ],
          "pending": [],
          "skipped": [],
          "duration": 0,
          "root": false,
          "rootEmpty": false,
          "_timeout": 2000
        }
      ],
      "passes": [],
      "failures": [],
      "pending": [],
      "skipped": [],
      "duration": 0,
      "root": true,
      "rootEmpty": true,
      "_timeout": 2000
    }
  ],
  "meta": {
    "mocha": {
      "version": "6.2.3"
    },
    "mochawesome": {
      "options": {
        "quiet": false,
        "reportFilename": "mochawesome",
        "saveHtml": true,
        "saveJson": true,
        "consoleReporter": "spec",
        "useInlineDiffs": false,
        "code": true
      },
      "version": "7.0.1"
    },
    "marge": {
      "options": null,
      "version": "6.0.1"
    }
  }
}