{
  "stats": {
    "suites": 1,
    "tests": 3,
    "passes": 3,
    "pending": 0,
    "failures": 0,
    "start": "2021-12-18T04:58:06.486Z",
    "end": "2021-12-18T04:58:06.498Z",
    "duration": 12,
    "testsRegistered": 3,
    "passPercent": 100,
    "pendingPercent": 0,
    "other": 0,
    "hasOther": false,
    "skipped": 0,
    "hasSkipped": false
  },
  "results": [
    {
      "uuid": "ffebb952-3aa0-4853-ac51-a9e576cdd599",
      "title": "",
      "fullFile": "",
      "file": "",
      "beforeHooks": [],
      "afterHooks": [],
      "tests": [],
      "suites": [
        {
          "uuid": "af7011a5-5831-4e0d-884c-ea2eaade8f64",
          "title": "findObjKeys",
          "fullFile": "/Users/stephenwong/Fullstack Academy Projects/Senior/code-harmony/testFile.js",
          "file": "/testFile.js",
          "beforeHooks": [],
          "afterHooks": [],
          "tests": [
            {
              "title": "prints out the key",
              "fullTitle": "findObjKeys prints out the key",
              "timedOut": false,
              "duration": 1,
              "state": "passed",
              "speed": "fast",
              "pass": true,
              "fail": false,
              "pending": false,
              "context": null,
              "code": "const greenRectangle = { color: 'green' };\n  \nexpect(findObjKeys(greenRectangle)).to.equal('color');",
              "err": {},
              "uuid": "b72b8372-c2a7-4a40-a82e-d363341d5d29",
              "parentUUID": "af7011a5-5831-4e0d-884c-ea2eaade8f64",
              "isHook": false,
              "skipped": false
            },
            {
              "title": "prints out the object's keys, comma delimited",
              "fullTitle": "findObjKeys prints out the object's keys, comma delimited",
              "timedOut": false,
              "duration": 0,
              "state": "passed",
              "speed": "fast",
              "pass": true,
              "fail": false,
              "pending": false,
              "context": null,
              "code": "const yelloRectangle = { color: 'yellow', height: 8, width: 5 };\n  \nexpect(findObjKeys(yelloRectangle)).to.equal('color, height, width');",
              "err": {},
              "uuid": "9696bc41-6349-4cce-9db1-88e26ff46115",
              "parentUUID": "af7011a5-5831-4e0d-884c-ea2eaade8f64",
              "isHook": false,
              "skipped": false
            },
            {
              "title": "prints the keys belonging to the instance object, it excludes properties in the object's prototype chain",
              "fullTitle": "findObjKeys prints the keys belonging to the instance object, it excludes properties in the object's prototype chain",
              "timedOut": false,
              "duration": 0,
              "state": "passed",
              "speed": "fast",
              "pass": true,
              "fail": false,
              "pending": false,
              "context": null,
              "code": "const blueRectangle = rectangle('blue', 5, 3);\n  \nexpect(findObjKeys(blueRectangle)).to.equal('color, height, width');",
              "err": {},
              "uuid": "85480175-7da3-4370-80e8-158e976bd57c",
              "parentUUID": "af7011a5-5831-4e0d-884c-ea2eaade8f64",
              "isHook": false,
              "skipped": false
            }
          ],
          "suites": [],
          "passes": [
            "b72b8372-c2a7-4a40-a82e-d363341d5d29",
            "9696bc41-6349-4cce-9db1-88e26ff46115",
            "85480175-7da3-4370-80e8-158e976bd57c"
          ],
          "failures": [],
          "pending": [],
          "skipped": [],
          "duration": 1,
          "root": false,
          "rootEmpty": false,
          "_timeout": 2000
        }
      ],
      "passes": [],
      "failures": [],
      "pending": [],
      "skipped": [],
      "duration": 0,
      "root": true,
      "rootEmpty": true,
      "_timeout": 2000
    }
  ],
  "meta": {
    "mocha": {
      "version": "6.2.3"
    },
    "mochawesome": {
      "options": {
        "quiet": false,
        "reportFilename": "mochawesome",
        "saveHtml": true,
        "saveJson": true,
        "consoleReporter": "spec",
        "useInlineDiffs": false,
        "code": true
      },
      "version": "7.0.1"
    },
    "marge": {
      "options": null,
      "version": "6.0.1"
    }
  }
}