{
  "stats": {
    "suites": 1,
    "tests": 3,
    "passes": 3,
    "pending": 0,
    "failures": 0,
    "start": "2021-12-18T02:02:05.500Z",
    "end": "2021-12-18T02:02:05.509Z",
    "duration": 9,
    "testsRegistered": 3,
    "passPercent": 100,
    "pendingPercent": 0,
    "other": 0,
    "hasOther": false,
    "skipped": 0,
    "hasSkipped": false
  },
  "results": [
    {
      "uuid": "3f672e18-001f-46ff-9f6f-c67f1c519477",
      "title": "",
      "fullFile": "",
      "file": "",
      "beforeHooks": [],
      "afterHooks": [],
      "tests": [],
      "suites": [
        {
          "uuid": "15af5b72-3608-493a-8c1b-5091eb3a86a6",
          "title": "findObjKeys",
          "fullFile": "/Users/patita/Fullstack/capstone-project/code-harmony/testFile.js",
          "file": "/testFile.js",
          "beforeHooks": [],
          "afterHooks": [],
          "tests": [
            {
              "title": "prints out the key",
              "fullTitle": "findObjKeys prints out the key",
              "timedOut": false,
              "duration": 1,
              "state": "passed",
              "speed": "fast",
              "pass": true,
              "fail": false,
              "pending": false,
              "context": null,
              "code": "const greenRectangle = { color: 'green' };\n  \nexpect(findObjKeys(greenRectangle)).to.equal('color');",
              "err": {},
              "uuid": "fa60d545-1802-45d9-9918-58033fc663a5",
              "parentUUID": "15af5b72-3608-493a-8c1b-5091eb3a86a6",
              "isHook": false,
              "skipped": false
            },
            {
              "title": "prints out the object's keys, comma delimited",
              "fullTitle": "findObjKeys prints out the object's keys, comma delimited",
              "timedOut": false,
              "duration": 0,
              "state": "passed",
              "speed": "fast",
              "pass": true,
              "fail": false,
              "pending": false,
              "context": null,
              "code": "const yelloRectangle = { color: 'yellow', height: 8, width: 5 };\n  \nexpect(findObjKeys(yelloRectangle)).to.equal('color, height, width');",
              "err": {},
              "uuid": "09766d76-43e7-4f13-b06e-5b3a63de9973",
              "parentUUID": "15af5b72-3608-493a-8c1b-5091eb3a86a6",
              "isHook": false,
              "skipped": false
            },
            {
              "title": "prints the keys belonging to the instance object, it excludes properties in the object's prototype chain",
              "fullTitle": "findObjKeys prints the keys belonging to the instance object, it excludes properties in the object's prototype chain",
              "timedOut": false,
              "duration": 0,
              "state": "passed",
              "speed": "fast",
              "pass": true,
              "fail": false,
              "pending": false,
              "context": null,
              "code": "const blueRectangle = rectangle('blue', 5, 3);\n  \nexpect(findObjKeys(blueRectangle)).to.equal('color, height, width');",
              "err": {},
              "uuid": "1b8a3499-09ea-49b6-b164-aba7c29210c4",
              "parentUUID": "15af5b72-3608-493a-8c1b-5091eb3a86a6",
              "isHook": false,
              "skipped": false
            }
          ],
          "suites": [],
          "passes": [
            "fa60d545-1802-45d9-9918-58033fc663a5",
            "09766d76-43e7-4f13-b06e-5b3a63de9973",
            "1b8a3499-09ea-49b6-b164-aba7c29210c4"
          ],
          "failures": [],
          "pending": [],
          "skipped": [],
          "duration": 1,
          "root": false,
          "rootEmpty": false,
          "_timeout": 2000
        }
      ],
      "passes": [],
      "failures": [],
      "pending": [],
      "skipped": [],
      "duration": 0,
      "root": true,
      "rootEmpty": true,
      "_timeout": 2000
    }
  ],
  "meta": {
    "mocha": {
      "version": "6.2.3"
    },
    "mochawesome": {
      "options": {
        "quiet": false,
        "reportFilename": "mochawesome",
        "saveHtml": true,
        "saveJson": true,
        "consoleReporter": "spec",
        "useInlineDiffs": false,
        "code": true
      },
      "version": "7.0.1"
    },
    "marge": {
      "options": null,
      "version": "6.0.1"
    }
  }
}