{
  "stats": {
    "suites": 1,
    "tests": 2,
    "passes": 0,
    "pending": 0,
    "failures": 2,
    "start": "2021-12-17T15:49:52.272Z",
    "end": "2021-12-17T15:49:52.283Z",
    "duration": 11,
    "testsRegistered": 2,
    "passPercent": 0,
    "pendingPercent": 0,
    "other": 0,
    "hasOther": false,
    "skipped": 0,
    "hasSkipped": false
  },
  "results": [
    {
      "uuid": "927c034f-56b3-4fba-8ee0-33b1f5bf7c69",
      "title": "",
      "fullFile": "",
      "file": "",
      "beforeHooks": [],
      "afterHooks": [],
      "tests": [],
      "suites": [
        {
          "uuid": "d819988d-e647-425b-96d5-fd952d467d25",
          "title": "useFilter",
          "fullFile": "/Users/patita/Fullstack/capstone-project/code-harmony/testFile.js",
          "file": "/testFile.js",
          "beforeHooks": [],
          "afterHooks": [],
          "tests": [
            {
              "title": "returns all words in the array that have an @",
              "fullTitle": "useFilter returns all words in the array that have an @",
              "timedOut": false,
              "duration": 1,
              "state": "failed",
              "speed": null,
              "pass": false,
              "fail": true,
              "pending": false,
              "context": null,
              "code": "const array = useFilter([\n  'emilie.io',\n  'trace.google.com',\n  'kellyscott2@aol.com',\n  'helloWorld.com',\n  'test@apple.com',\n  'snowman@iceland.com',\n]);\n  expect(array[0]).to.equal('kellyscott2@aol.com');\n  expect(array[1]).to.equal('test@apple.com');\n  expect(array[2]).to.equal('snowman@iceland.com');",
              "err": {
                "message": "ReferenceError: useFilter is not defined",
                "estack": "ReferenceError: useFilter is not defined\n    at Context.<anonymous> (testFile.js:11:21)\n    at processImmediate (internal/timers.js:462:21)",
                "diff": null
              },
              "uuid": "784fa1a2-f094-44e9-b15e-4aaa40a7b643",
              "parentUUID": "d819988d-e647-425b-96d5-fd952d467d25",
              "isHook": false,
              "skipped": false
            },
            {
              "title": "uses Array.prototype.filter",
              "fullTitle": "useFilter uses Array.prototype.filter",
              "timedOut": false,
              "duration": 1,
              "state": "failed",
              "speed": null,
              "pass": false,
              "fail": true,
              "pending": false,
              "context": null,
              "code": "spyOn(Array.prototype, 'filter').and.callThrough();\n  \nconst array = useFilter([\n  'omri@aol.com',\n  'jess@fs.com',\n  'test.com',\n  'myEmail.com',\n]);\n//expect(Array.prototype.filter).toHaveBeenCalled();\nexpect(array[0]).to.equal('omri@aol.com');\nexpect(array[1]).to.equal('jess@fs.com');",
              "err": {
                "message": "ReferenceError: spyOn is not defined",
                "estack": "ReferenceError: spyOn is not defined\n    at Context.<anonymous> (testFile.js:25:7)\n    at processImmediate (internal/timers.js:462:21)",
                "diff": null
              },
              "uuid": "9e406406-a7b0-4170-8f30-8eaf2c1b4d81",
              "parentUUID": "d819988d-e647-425b-96d5-fd952d467d25",
              "isHook": false,
              "skipped": false
            }
          ],
          "suites": [],
          "passes": [],
          "failures": [
            "784fa1a2-f094-44e9-b15e-4aaa40a7b643",
            "9e406406-a7b0-4170-8f30-8eaf2c1b4d81"
          ],
          "pending": [],
          "skipped": [],
          "duration": 2,
          "root": false,
          "rootEmpty": false,
          "_timeout": 2000
        }
      ],
      "passes": [],
      "failures": [],
      "pending": [],
      "skipped": [],
      "duration": 0,
      "root": true,
      "rootEmpty": true,
      "_timeout": 2000
    }
  ],
  "meta": {
    "mocha": {
      "version": "6.2.3"
    },
    "mochawesome": {
      "options": {
        "quiet": false,
        "reportFilename": "mochawesome",
        "saveHtml": true,
        "saveJson": true,
        "consoleReporter": "spec",
        "useInlineDiffs": false,
        "code": true
      },
      "version": "7.0.1"
    },
    "marge": {
      "options": null,
      "version": "6.0.1"
    }
  }
}